2022-10-06 12:16:20,263 [Worker-2: Loading available Gradle versions] INFO  o.e.b.c.i.u.g.PublishedGradleVersions - Gradle version information cache is up-to-date. Trying to read.
2022-10-06 12:16:37,027 [Worker-7: Importing Maven projects] INFO  o.e.m.c.i.l.LifecycleMappingFactory - Using org.eclipse.m2e.jdt.JarLifecycleMapping lifecycle mapping for MavenProject: com.generation:farmaciageneration:0.0.1-SNAPSHOT @ C:\Users\julia\OneDrive\햞ea de Trabalho\FarmaciaGen\farmaciageneration\pom.xml.
2022-10-06 12:16:42,680 [Worker-7: Importing Maven projects] INFO  o.e.m.j.i.AbstractJavaProjectConfigurator - Adding source folder /farmaciageneration/src/main/java
2022-10-06 12:16:42,681 [Worker-7: Importing Maven projects] INFO  o.e.m.j.i.AbstractJavaProjectConfigurator - Adding resource folder /farmaciageneration/src/main/resources
2022-10-06 12:16:42,687 [Worker-7: Importing Maven projects] INFO  o.e.m.j.i.AbstractJavaProjectConfigurator - Adding resource folder /farmaciageneration/src/main/resources
2022-10-06 12:16:42,694 [Worker-7: Importing Maven projects] INFO  o.e.m.j.i.AbstractJavaProjectConfigurator - Adding source folder /farmaciageneration/src/test/java
2022-10-06 12:16:46,412 [Worker-7: Importing Maven projects] INFO  o.e.m.c.i.p.ProjectConfigurationManager - Imported and configured 1 project(s) in 12 sec
2022-10-06 12:16:47,485 [Worker-7: Building] INFO  o.e.m.c.i.embedder.EclipseLogger - Using 'UTF-8' encoding to copy filtered resources.
2022-10-06 12:16:47,486 [Worker-7: Building] INFO  o.e.m.c.i.embedder.EclipseLogger - Using 'UTF-8' encoding to copy filtered properties files.
2022-10-06 12:16:47,491 [Worker-7: Building] INFO  o.e.m.c.i.embedder.EclipseLogger - Copying 1 resource
2022-10-06 12:16:47,522 [Worker-7: Building] INFO  o.e.m.c.i.embedder.EclipseLogger - Copying 0 resource
2022-10-06 12:16:47,532 [Worker-7: Building] INFO  o.e.m.c.i.embedder.EclipseLogger - Using 'UTF-8' encoding to copy filtered resources.
2022-10-06 12:16:47,533 [Worker-7: Building] INFO  o.e.m.c.i.embedder.EclipseLogger - Using 'UTF-8' encoding to copy filtered properties files.
2022-10-06 12:16:47,534 [Worker-7: Building] INFO  o.e.m.c.i.embedder.EclipseLogger - skip non existing resourceDirectory C:\Users\julia\OneDrive\햞ea de Trabalho\FarmaciaGen\farmaciageneration\src\test\resources
2022-10-06 12:31:45,824 [Worker-11: Building] INFO  o.e.m.c.i.embedder.EclipseLogger - Using 'UTF-8' encoding to copy filtered resources.
2022-10-06 12:31:45,824 [Worker-11: Building] INFO  o.e.m.c.i.embedder.EclipseLogger - Using 'UTF-8' encoding to copy filtered properties files.
2022-10-06 12:31:45,830 [Worker-11: Building] INFO  o.e.m.c.i.embedder.EclipseLogger - Copying 1 resource
2022-10-06 12:31:45,836 [Worker-11: Building] INFO  o.e.m.c.i.embedder.EclipseLogger - Copying 0 resource
2022-10-06 12:31:45,838 [Worker-11: Building] INFO  o.e.m.c.i.embedder.EclipseLogger - Using 'UTF-8' encoding to copy filtered resources.
2022-10-06 12:31:45,838 [Worker-11: Building] INFO  o.e.m.c.i.embedder.EclipseLogger - Using 'UTF-8' encoding to copy filtered properties files.
2022-10-06 12:31:45,839 [Worker-11: Building] INFO  o.e.m.c.i.embedder.EclipseLogger - skip non existing resourceDirectory C:\Users\julia\OneDrive\햞ea de Trabalho\FarmaciaGen\farmaciageneration\src\test\resources
2022-10-06 12:32:07,046 [Worker-17: Building] INFO  o.e.m.c.i.embedder.EclipseLogger - Using 'UTF-8' encoding to copy filtered resources.
2022-10-06 12:32:07,047 [Worker-17: Building] INFO  o.e.m.c.i.embedder.EclipseLogger - Using 'UTF-8' encoding to copy filtered properties files.
2022-10-06 12:32:07,050 [Worker-17: Building] INFO  o.e.m.c.i.embedder.EclipseLogger - Copying 1 resource
2022-10-06 12:32:07,063 [Worker-17: Building] INFO  o.e.m.c.i.embedder.EclipseLogger - Copying 0 resource
2022-10-06 12:32:07,067 [Worker-17: Building] INFO  o.e.m.c.i.embedder.EclipseLogger - Using 'UTF-8' encoding to copy filtered resources.
2022-10-06 12:32:07,067 [Worker-17: Building] INFO  o.e.m.c.i.embedder.EclipseLogger - Using 'UTF-8' encoding to copy filtered properties files.
2022-10-06 12:32:07,067 [Worker-17: Building] INFO  o.e.m.c.i.embedder.EclipseLogger - skip non existing resourceDirectory C:\Users\julia\OneDrive\햞ea de Trabalho\FarmaciaGen\farmaciageneration\src\test\resources
2022-10-06 12:42:39,944 [Worker-20: Launching farmaciageneration - FarmaciagenerationApplication] INFO  o.e.m.c.i.embedder.EclipseLogger - Using 'UTF-8' encoding to copy filtered resources.
2022-10-06 12:42:39,945 [Worker-20: Launching farmaciageneration - FarmaciagenerationApplication] INFO  o.e.m.c.i.embedder.EclipseLogger - Using 'UTF-8' encoding to copy filtered properties files.
2022-10-06 12:42:39,946 [Worker-20: Launching farmaciageneration - FarmaciagenerationApplication] INFO  o.e.m.c.i.embedder.EclipseLogger - Copying 1 resource
2022-10-06 12:42:39,961 [Worker-20: Launching farmaciageneration - FarmaciagenerationApplication] INFO  o.e.m.c.i.embedder.EclipseLogger - Copying 0 resource
2022-10-06 12:42:39,967 [Worker-20: Launching farmaciageneration - FarmaciagenerationApplication] INFO  o.e.m.c.i.embedder.EclipseLogger - Using 'UTF-8' encoding to copy filtered resources.
2022-10-06 12:42:39,967 [Worker-20: Launching farmaciageneration - FarmaciagenerationApplication] INFO  o.e.m.c.i.embedder.EclipseLogger - Using 'UTF-8' encoding to copy filtered properties files.
2022-10-06 12:42:39,968 [Worker-20: Launching farmaciageneration - FarmaciagenerationApplication] INFO  o.e.m.c.i.embedder.EclipseLogger - skip non existing resourceDirectory C:\Users\julia\OneDrive\햞ea de Trabalho\FarmaciaGen\farmaciageneration\src\test\resources
2022-10-06 12:51:41,586 [Worker-15: Launching farmaciageneration - FarmaciagenerationApplication] INFO  o.e.m.c.i.embedder.EclipseLogger - Using 'UTF-8' encoding to copy filtered resources.
2022-10-06 12:51:41,587 [Worker-15: Launching farmaciageneration - FarmaciagenerationApplication] INFO  o.e.m.c.i.embedder.EclipseLogger - Using 'UTF-8' encoding to copy filtered properties files.
2022-10-06 12:51:41,588 [Worker-15: Launching farmaciageneration - FarmaciagenerationApplication] INFO  o.e.m.c.i.embedder.EclipseLogger - Copying 1 resource
2022-10-06 12:51:41,601 [Worker-15: Launching farmaciageneration - FarmaciagenerationApplication] INFO  o.e.m.c.i.embedder.EclipseLogger - Copying 0 resource
2022-10-06 12:51:41,608 [Worker-15: Launching farmaciageneration - FarmaciagenerationApplication] INFO  o.e.m.c.i.embedder.EclipseLogger - Using 'UTF-8' encoding to copy filtered resources.
2022-10-06 12:51:41,609 [Worker-15: Launching farmaciageneration - FarmaciagenerationApplication] INFO  o.e.m.c.i.embedder.EclipseLogger - Using 'UTF-8' encoding to copy filtered properties files.
2022-10-06 12:51:41,609 [Worker-15: Launching farmaciageneration - FarmaciagenerationApplication] INFO  o.e.m.c.i.embedder.EclipseLogger - skip non existing resourceDirectory C:\Users\julia\OneDrive\햞ea de Trabalho\FarmaciaGen\farmaciageneration\src\test\resources
2022-10-06 12:53:07,623 [Worker-25: Launching farmaciageneration - FarmaciagenerationApplication] INFO  o.e.m.c.i.embedder.EclipseLogger - Using 'UTF-8' encoding to copy filtered resources.
2022-10-06 12:53:07,623 [Worker-25: Launching farmaciageneration - FarmaciagenerationApplication] INFO  o.e.m.c.i.embedder.EclipseLogger - Using 'UTF-8' encoding to copy filtered properties files.
2022-10-06 12:53:07,623 [Worker-25: Launching farmaciageneration - FarmaciagenerationApplication] INFO  o.e.m.c.i.embedder.EclipseLogger - Copying 1 resource
2022-10-06 12:53:07,635 [Worker-25: Launching farmaciageneration - FarmaciagenerationApplication] INFO  o.e.m.c.i.embedder.EclipseLogger - Copying 0 resource
2022-10-06 12:53:07,639 [Worker-25: Launching farmaciageneration - FarmaciagenerationApplication] INFO  o.e.m.c.i.embedder.EclipseLogger - Using 'UTF-8' encoding to copy filtered resources.
2022-10-06 12:53:07,639 [Worker-25: Launching farmaciageneration - FarmaciagenerationApplication] INFO  o.e.m.c.i.embedder.EclipseLogger - Using 'UTF-8' encoding to copy filtered properties files.
2022-10-06 12:53:07,640 [Worker-25: Launching farmaciageneration - FarmaciagenerationApplication] INFO  o.e.m.c.i.embedder.EclipseLogger - skip non existing resourceDirectory C:\Users\julia\OneDrive\햞ea de Trabalho\FarmaciaGen\farmaciageneration\src\test\resources
2022-10-06 12:54:26,918 [Worker-27: Launching farmaciageneration - FarmaciagenerationApplication] INFO  o.e.m.c.i.embedder.EclipseLogger - Using 'UTF-8' encoding to copy filtered resources.
2022-10-06 12:54:26,918 [Worker-27: Launching farmaciageneration - FarmaciagenerationApplication] INFO  o.e.m.c.i.embedder.EclipseLogger - Using 'UTF-8' encoding to copy filtered properties files.
2022-10-06 12:54:26,919 [Worker-27: Launching farmaciageneration - FarmaciagenerationApplication] INFO  o.e.m.c.i.embedder.EclipseLogger - Copying 1 resource
2022-10-06 12:54:26,935 [Worker-27: Launching farmaciageneration - FarmaciagenerationApplication] INFO  o.e.m.c.i.embedder.EclipseLogger - Copying 0 resource
2022-10-06 12:54:26,944 [Worker-27: Launching farmaciageneration - FarmaciagenerationApplication] INFO  o.e.m.c.i.embedder.EclipseLogger - Using 'UTF-8' encoding to copy filtered resources.
2022-10-06 12:54:26,944 [Worker-27: Launching farmaciageneration - FarmaciagenerationApplication] INFO  o.e.m.c.i.embedder.EclipseLogger - Using 'UTF-8' encoding to copy filtered properties files.
2022-10-06 12:54:26,944 [Worker-27: Launching farmaciageneration - FarmaciagenerationApplication] INFO  o.e.m.c.i.embedder.EclipseLogger - skip non existing resourceDirectory C:\Users\julia\OneDrive\햞ea de Trabalho\FarmaciaGen\farmaciageneration\src\test\resources
2022-10-06 13:00:50,563 [Worker-31: Launching farmaciageneration - FarmaciagenerationApplication] INFO  o.e.m.c.i.embedder.EclipseLogger - Using 'UTF-8' encoding to copy filtered resources.
2022-10-06 13:00:50,563 [Worker-31: Launching farmaciageneration - FarmaciagenerationApplication] INFO  o.e.m.c.i.embedder.EclipseLogger - Using 'UTF-8' encoding to copy filtered properties files.
2022-10-06 13:00:50,566 [Worker-31: Launching farmaciageneration - FarmaciagenerationApplication] INFO  o.e.m.c.i.embedder.EclipseLogger - Copying 1 resource
2022-10-06 13:00:50,579 [Worker-31: Launching farmaciageneration - FarmaciagenerationApplication] INFO  o.e.m.c.i.embedder.EclipseLogger - Copying 0 resource
2022-10-06 13:00:50,592 [Worker-31: Launching farmaciageneration - FarmaciagenerationApplication] INFO  o.e.m.c.i.embedder.EclipseLogger - Using 'UTF-8' encoding to copy filtered resources.
2022-10-06 13:00:50,592 [Worker-31: Launching farmaciageneration - FarmaciagenerationApplication] INFO  o.e.m.c.i.embedder.EclipseLogger - Using 'UTF-8' encoding to copy filtered properties files.
2022-10-06 13:00:50,592 [Worker-31: Launching farmaciageneration - FarmaciagenerationApplication] INFO  o.e.m.c.i.embedder.EclipseLogger - skip non existing resourceDirectory C:\Users\julia\OneDrive\햞ea de Trabalho\FarmaciaGen\farmaciageneration\src\test\resources
2022-10-06 13:01:35,144 [Worker-2: Loading available Gradle versions] INFO  o.e.b.c.i.u.g.PublishedGradleVersions - Gradle version information cache is up-to-date. Trying to read.
2022-10-06 13:08:44,342 [Worker-14: Launching farmaciageneration - FarmaciagenerationApplication] INFO  o.e.m.c.i.embedder.EclipseLogger - Using 'UTF-8' encoding to copy filtered resources.
2022-10-06 13:08:44,345 [Worker-14: Launching farmaciageneration - FarmaciagenerationApplication] INFO  o.e.m.c.i.embedder.EclipseLogger - Using 'UTF-8' encoding to copy filtered properties files.
2022-10-06 13:08:44,349 [Worker-14: Launching farmaciageneration - FarmaciagenerationApplication] INFO  o.e.m.c.i.embedder.EclipseLogger - Copying 1 resource
2022-10-06 13:08:44,374 [Worker-14: Launching farmaciageneration - FarmaciagenerationApplication] INFO  o.e.m.c.i.embedder.EclipseLogger - Copying 0 resource
2022-10-06 13:08:44,380 [Worker-14: Launching farmaciageneration - FarmaciagenerationApplication] INFO  o.e.m.c.i.embedder.EclipseLogger - Using 'UTF-8' encoding to copy filtered resources.
2022-10-06 13:08:44,380 [Worker-14: Launching farmaciageneration - FarmaciagenerationApplication] INFO  o.e.m.c.i.embedder.EclipseLogger - Using 'UTF-8' encoding to copy filtered properties files.
2022-10-06 13:08:44,381 [Worker-14: Launching farmaciageneration - FarmaciagenerationApplication] INFO  o.e.m.c.i.embedder.EclipseLogger - skip non existing resourceDirectory C:\Users\julia\OneDrive\햞ea de Trabalho\FarmaciaGen\farmaciageneration\src\test\resources
2022-10-06 13:12:16,670 [Worker-13: Building] INFO  o.e.m.c.i.embedder.EclipseLogger - Using 'UTF-8' encoding to copy filtered resources.
2022-10-06 13:12:16,671 [Worker-13: Building] INFO  o.e.m.c.i.embedder.EclipseLogger - Using 'UTF-8' encoding to copy filtered properties files.
2022-10-06 13:12:16,674 [Worker-13: Building] INFO  o.e.m.c.i.embedder.EclipseLogger - Copying 1 resource
2022-10-06 13:12:16,683 [Worker-13: Building] INFO  o.e.m.c.i.embedder.EclipseLogger - Copying 0 resource
2022-10-06 13:12:16,687 [Worker-13: Building] INFO  o.e.m.c.i.embedder.EclipseLogger - Using 'UTF-8' encoding to copy filtered resources.
2022-10-06 13:12:16,687 [Worker-13: Building] INFO  o.e.m.c.i.embedder.EclipseLogger - Using 'UTF-8' encoding to copy filtered properties files.
2022-10-06 13:12:16,687 [Worker-13: Building] INFO  o.e.m.c.i.embedder.EclipseLogger - skip non existing resourceDirectory C:\Users\julia\OneDrive\햞ea de Trabalho\FarmaciaGen\farmaciageneration\src\test\resources
2022-10-06 13:12:47,885 [Worker-14: Building] INFO  o.e.m.c.i.embedder.EclipseLogger - Using 'UTF-8' encoding to copy filtered resources.
2022-10-06 13:12:47,886 [Worker-14: Building] INFO  o.e.m.c.i.embedder.EclipseLogger - Using 'UTF-8' encoding to copy filtered properties files.
2022-10-06 13:12:47,888 [Worker-14: Building] INFO  o.e.m.c.i.embedder.EclipseLogger - Copying 1 resource
2022-10-06 13:12:47,899 [Worker-14: Building] INFO  o.e.m.c.i.embedder.EclipseLogger - Copying 0 resource
2022-10-06 13:12:47,905 [Worker-14: Building] INFO  o.e.m.c.i.embedder.EclipseLogger - Using 'UTF-8' encoding to copy filtered resources.
2022-10-06 13:12:47,905 [Worker-14: Building] INFO  o.e.m.c.i.embedder.EclipseLogger - Using 'UTF-8' encoding to copy filtered properties files.
2022-10-06 13:12:47,907 [Worker-14: Building] INFO  o.e.m.c.i.embedder.EclipseLogger - skip non existing resourceDirectory C:\Users\julia\OneDrive\햞ea de Trabalho\FarmaciaGen\farmaciageneration\src\test\resources
2022-10-06 13:15:26,469 [Worker-14: Building] INFO  o.e.m.c.i.embedder.EclipseLogger - Using 'UTF-8' encoding to copy filtered resources.
2022-10-06 13:15:26,469 [Worker-14: Building] INFO  o.e.m.c.i.embedder.EclipseLogger - Using 'UTF-8' encoding to copy filtered properties files.
2022-10-06 13:15:26,472 [Worker-14: Building] INFO  o.e.m.c.i.embedder.EclipseLogger - Copying 1 resource
2022-10-06 13:15:26,479 [Worker-14: Building] INFO  o.e.m.c.i.embedder.EclipseLogger - Copying 0 resource
2022-10-06 13:15:26,481 [Worker-14: Building] INFO  o.e.m.c.i.embedder.EclipseLogger - Using 'UTF-8' encoding to copy filtered resources.
2022-10-06 13:15:26,481 [Worker-14: Building] INFO  o.e.m.c.i.embedder.EclipseLogger - Using 'UTF-8' encoding to copy filtered properties files.
2022-10-06 13:15:26,481 [Worker-14: Building] INFO  o.e.m.c.i.embedder.EclipseLogger - skip non existing resourceDirectory C:\Users\julia\OneDrive\햞ea de Trabalho\FarmaciaGen\farmaciageneration\src\test\resources
2022-10-06 13:15:51,568 [Worker-22: Building] INFO  o.e.m.c.i.embedder.EclipseLogger - Using 'UTF-8' encoding to copy filtered resources.
2022-10-06 13:15:51,568 [Worker-22: Building] INFO  o.e.m.c.i.embedder.EclipseLogger - Using 'UTF-8' encoding to copy filtered properties files.
2022-10-06 13:15:51,574 [Worker-22: Building] INFO  o.e.m.c.i.embedder.EclipseLogger - Copying 1 resource
2022-10-06 13:15:51,584 [Worker-22: Building] INFO  o.e.m.c.i.embedder.EclipseLogger - Copying 0 resource
2022-10-06 13:15:51,594 [Worker-22: Building] INFO  o.e.m.c.i.embedder.EclipseLogger - Using 'UTF-8' encoding to copy filtered resources.
2022-10-06 13:15:51,594 [Worker-22: Building] INFO  o.e.m.c.i.embedder.EclipseLogger - Using 'UTF-8' encoding to copy filtered properties files.
2022-10-06 13:15:51,595 [Worker-22: Building] INFO  o.e.m.c.i.embedder.EclipseLogger - skip non existing resourceDirectory C:\Users\julia\OneDrive\햞ea de Trabalho\FarmaciaGen\farmaciageneration\src\test\resources
2022-10-06 13:20:56,652 [Worker-21: Launching farmaciageneration - FarmaciagenerationApplication] INFO  o.e.m.c.i.embedder.EclipseLogger - Using 'UTF-8' encoding to copy filtered resources.
2022-10-06 13:20:56,652 [Worker-21: Launching farmaciageneration - FarmaciagenerationApplication] INFO  o.e.m.c.i.embedder.EclipseLogger - Using 'UTF-8' encoding to copy filtered properties files.
2022-10-06 13:20:56,654 [Worker-21: Launching farmaciageneration - FarmaciagenerationApplication] INFO  o.e.m.c.i.embedder.EclipseLogger - Copying 1 resource
2022-10-06 13:20:56,664 [Worker-21: Launching farmaciageneration - FarmaciagenerationApplication] INFO  o.e.m.c.i.embedder.EclipseLogger - Copying 0 resource
2022-10-06 13:20:56,669 [Worker-21: Launching farmaciageneration - FarmaciagenerationApplication] INFO  o.e.m.c.i.embedder.EclipseLogger - Using 'UTF-8' encoding to copy filtered resources.
2022-10-06 13:20:56,669 [Worker-21: Launching farmaciageneration - FarmaciagenerationApplication] INFO  o.e.m.c.i.embedder.EclipseLogger - Using 'UTF-8' encoding to copy filtered properties files.
2022-10-06 13:20:56,669 [Worker-21: Launching farmaciageneration - FarmaciagenerationApplication] INFO  o.e.m.c.i.embedder.EclipseLogger - skip non existing resourceDirectory C:\Users\julia\OneDrive\햞ea de Trabalho\FarmaciaGen\farmaciageneration\src\test\resources
2022-10-06 13:38:12,070 [Worker-28: Launching farmaciageneration - FarmaciagenerationApplication] INFO  o.e.m.c.i.embedder.EclipseLogger - Using 'UTF-8' encoding to copy filtered resources.
2022-10-06 13:38:12,070 [Worker-28: Launching farmaciageneration - FarmaciagenerationApplication] INFO  o.e.m.c.i.embedder.EclipseLogger - Using 'UTF-8' encoding to copy filtered properties files.
2022-10-06 13:38:12,072 [Worker-28: Launching farmaciageneration - FarmaciagenerationApplication] INFO  o.e.m.c.i.embedder.EclipseLogger - Copying 1 resource
2022-10-06 13:38:12,086 [Worker-28: Launching farmaciageneration - FarmaciagenerationApplication] INFO  o.e.m.c.i.embedder.EclipseLogger - Copying 0 resource
2022-10-06 13:38:12,090 [Worker-28: Launching farmaciageneration - FarmaciagenerationApplication] INFO  o.e.m.c.i.embedder.EclipseLogger - Using 'UTF-8' encoding to copy filtered resources.
2022-10-06 13:38:12,090 [Worker-28: Launching farmaciageneration - FarmaciagenerationApplication] INFO  o.e.m.c.i.embedder.EclipseLogger - Using 'UTF-8' encoding to copy filtered properties files.
2022-10-06 13:38:12,090 [Worker-28: Launching farmaciageneration - FarmaciagenerationApplication] INFO  o.e.m.c.i.embedder.EclipseLogger - skip non existing resourceDirectory C:\Users\julia\OneDrive\햞ea de Trabalho\FarmaciaGen\farmaciageneration\src\test\resources
2022-10-06 13:46:02,415 [Worker-35: Launching farmaciageneration - FarmaciagenerationApplication] INFO  o.e.m.c.i.embedder.EclipseLogger - Using 'UTF-8' encoding to copy filtered resources.
2022-10-06 13:46:02,416 [Worker-35: Launching farmaciageneration - FarmaciagenerationApplication] INFO  o.e.m.c.i.embedder.EclipseLogger - Using 'UTF-8' encoding to copy filtered properties files.
2022-10-06 13:46:02,418 [Worker-35: Launching farmaciageneration - FarmaciagenerationApplication] INFO  o.e.m.c.i.embedder.EclipseLogger - Copying 1 resource
2022-10-06 13:46:02,429 [Worker-35: Launching farmaciageneration - FarmaciagenerationApplication] INFO  o.e.m.c.i.embedder.EclipseLogger - Copying 0 resource
2022-10-06 13:46:02,439 [Worker-35: Launching farmaciageneration - FarmaciagenerationApplication] INFO  o.e.m.c.i.embedder.EclipseLogger - Using 'UTF-8' encoding to copy filtered resources.
2022-10-06 13:46:02,440 [Worker-35: Launching farmaciageneration - FarmaciagenerationApplication] INFO  o.e.m.c.i.embedder.EclipseLogger - Using 'UTF-8' encoding to copy filtered properties files.
2022-10-06 13:46:02,440 [Worker-35: Launching farmaciageneration - FarmaciagenerationApplication] INFO  o.e.m.c.i.embedder.EclipseLogger - skip non existing resourceDirectory C:\Users\julia\OneDrive\햞ea de Trabalho\FarmaciaGen\farmaciageneration\src\test\resources
2022-10-06 13:48:50,457 [Worker-36: Launching farmaciageneration - FarmaciagenerationApplication] INFO  o.e.m.c.i.embedder.EclipseLogger - Using 'UTF-8' encoding to copy filtered resources.
2022-10-06 13:48:50,457 [Worker-36: Launching farmaciageneration - FarmaciagenerationApplication] INFO  o.e.m.c.i.embedder.EclipseLogger - Using 'UTF-8' encoding to copy filtered properties files.
2022-10-06 13:48:50,459 [Worker-36: Launching farmaciageneration - FarmaciagenerationApplication] INFO  o.e.m.c.i.embedder.EclipseLogger - Copying 1 resource
2022-10-06 13:48:50,470 [Worker-36: Launching farmaciageneration - FarmaciagenerationApplication] INFO  o.e.m.c.i.embedder.EclipseLogger - Copying 0 resource
2022-10-06 13:48:50,475 [Worker-36: Launching farmaciageneration - FarmaciagenerationApplication] INFO  o.e.m.c.i.embedder.EclipseLogger - Using 'UTF-8' encoding to copy filtered resources.
2022-10-06 13:48:50,475 [Worker-36: Launching farmaciageneration - FarmaciagenerationApplication] INFO  o.e.m.c.i.embedder.EclipseLogger - Using 'UTF-8' encoding to copy filtered properties files.
2022-10-06 13:48:50,475 [Worker-36: Launching farmaciageneration - FarmaciagenerationApplication] INFO  o.e.m.c.i.embedder.EclipseLogger - skip non existing resourceDirectory C:\Users\julia\OneDrive\햞ea de Trabalho\FarmaciaGen\farmaciageneration\src\test\resources
2022-10-06 13:54:55,940 [Worker-40: Launching farmaciageneration - FarmaciagenerationApplication] INFO  o.e.m.c.i.embedder.EclipseLogger - Using 'UTF-8' encoding to copy filtered resources.
2022-10-06 13:54:55,941 [Worker-40: Launching farmaciageneration - FarmaciagenerationApplication] INFO  o.e.m.c.i.embedder.EclipseLogger - Using 'UTF-8' encoding to copy filtered properties files.
2022-10-06 13:54:55,942 [Worker-40: Launching farmaciageneration - FarmaciagenerationApplication] INFO  o.e.m.c.i.embedder.EclipseLogger - Copying 1 resource
2022-10-06 13:54:55,952 [Worker-40: Launching farmaciageneration - FarmaciagenerationApplication] INFO  o.e.m.c.i.embedder.EclipseLogger - Copying 0 resource
2022-10-06 13:54:55,958 [Worker-40: Launching farmaciageneration - FarmaciagenerationApplication] INFO  o.e.m.c.i.embedder.EclipseLogger - Using 'UTF-8' encoding to copy filtered resources.
2022-10-06 13:54:55,959 [Worker-40: Launching farmaciageneration - FarmaciagenerationApplication] INFO  o.e.m.c.i.embedder.EclipseLogger - Using 'UTF-8' encoding to copy filtered properties files.
2022-10-06 13:54:55,959 [Worker-40: Launching farmaciageneration - FarmaciagenerationApplication] INFO  o.e.m.c.i.embedder.EclipseLogger - skip non existing resourceDirectory C:\Users\julia\OneDrive\햞ea de Trabalho\FarmaciaGen\farmaciageneration\src\test\resources
2022-10-06 14:04:28,485 [Worker-36: Launching farmaciageneration - FarmaciagenerationApplication] INFO  o.e.m.c.i.embedder.EclipseLogger - Using 'UTF-8' encoding to copy filtered resources.
2022-10-06 14:04:28,486 [Worker-36: Launching farmaciageneration - FarmaciagenerationApplication] INFO  o.e.m.c.i.embedder.EclipseLogger - Using 'UTF-8' encoding to copy filtered properties files.
2022-10-06 14:04:28,487 [Worker-36: Launching farmaciageneration - FarmaciagenerationApplication] INFO  o.e.m.c.i.embedder.EclipseLogger - Copying 1 resource
2022-10-06 14:04:28,497 [Worker-36: Launching farmaciageneration - FarmaciagenerationApplication] INFO  o.e.m.c.i.embedder.EclipseLogger - Copying 0 resource
2022-10-06 14:04:28,502 [Worker-36: Launching farmaciageneration - FarmaciagenerationApplication] INFO  o.e.m.c.i.embedder.EclipseLogger - Using 'UTF-8' encoding to copy filtered resources.
2022-10-06 14:04:28,502 [Worker-36: Launching farmaciageneration - FarmaciagenerationApplication] INFO  o.e.m.c.i.embedder.EclipseLogger - Using 'UTF-8' encoding to copy filtered properties files.
2022-10-06 14:04:28,502 [Worker-36: Launching farmaciageneration - FarmaciagenerationApplication] INFO  o.e.m.c.i.embedder.EclipseLogger - skip non existing resourceDirectory C:\Users\julia\OneDrive\햞ea de Trabalho\FarmaciaGen\farmaciageneration\src\test\resources
2022-10-06 14:06:43,697 [Worker-44: Building] INFO  o.e.m.c.i.embedder.EclipseLogger - Using 'UTF-8' encoding to copy filtered resources.
2022-10-06 14:06:43,697 [Worker-44: Building] INFO  o.e.m.c.i.embedder.EclipseLogger - Using 'UTF-8' encoding to copy filtered properties files.
2022-10-06 14:06:43,700 [Worker-44: Building] INFO  o.e.m.c.i.embedder.EclipseLogger - Copying 1 resource
2022-10-06 14:06:43,751 [Worker-44: Building] INFO  o.e.m.c.i.embedder.EclipseLogger - Copying 0 resource
2022-10-06 14:06:43,773 [Worker-44: Building] INFO  o.e.m.c.i.embedder.EclipseLogger - Using 'UTF-8' encoding to copy filtered resources.
2022-10-06 14:06:43,773 [Worker-44: Building] INFO  o.e.m.c.i.embedder.EclipseLogger - Using 'UTF-8' encoding to copy filtered properties files.
2022-10-06 14:06:43,774 [Worker-44: Building] INFO  o.e.m.c.i.embedder.EclipseLogger - skip non existing resourceDirectory C:\Users\julia\OneDrive\햞ea de Trabalho\FarmaciaGen\farmaciageneration\src\test\resources
2022-10-06 14:08:39,621 [Worker-45: Launching farmaciageneration - FarmaciagenerationApplication] INFO  o.e.m.c.i.embedder.EclipseLogger - Using 'UTF-8' encoding to copy filtered resources.
2022-10-06 14:08:39,621 [Worker-45: Launching farmaciageneration - FarmaciagenerationApplication] INFO  o.e.m.c.i.embedder.EclipseLogger - Using 'UTF-8' encoding to copy filtered properties files.
2022-10-06 14:08:39,622 [Worker-45: Launching farmaciageneration - FarmaciagenerationApplication] INFO  o.e.m.c.i.embedder.EclipseLogger - Copying 1 resource
2022-10-06 14:08:39,632 [Worker-45: Launching farmaciageneration - FarmaciagenerationApplication] INFO  o.e.m.c.i.embedder.EclipseLogger - Copying 0 resource
2022-10-06 14:08:39,636 [Worker-45: Launching farmaciageneration - FarmaciagenerationApplication] INFO  o.e.m.c.i.embedder.EclipseLogger - Using 'UTF-8' encoding to copy filtered resources.
2022-10-06 14:08:39,637 [Worker-45: Launching farmaciageneration - FarmaciagenerationApplication] INFO  o.e.m.c.i.embedder.EclipseLogger - Using 'UTF-8' encoding to copy filtered properties files.
2022-10-06 14:08:39,637 [Worker-45: Launching farmaciageneration - FarmaciagenerationApplication] INFO  o.e.m.c.i.embedder.EclipseLogger - skip non existing resourceDirectory C:\Users\julia\OneDrive\햞ea de Trabalho\FarmaciaGen\farmaciageneration\src\test\resources
2022-10-06 14:20:08,304 [Worker-49: Building] INFO  o.e.m.c.i.embedder.EclipseLogger - Using 'UTF-8' encoding to copy filtered resources.
2022-10-06 14:20:08,304 [Worker-49: Building] INFO  o.e.m.c.i.embedder.EclipseLogger - Using 'UTF-8' encoding to copy filtered properties files.
2022-10-06 14:20:08,307 [Worker-49: Building] INFO  o.e.m.c.i.embedder.EclipseLogger - Copying 1 resource
2022-10-06 14:20:08,316 [Worker-49: Building] INFO  o.e.m.c.i.embedder.EclipseLogger - Copying 0 resource
2022-10-06 14:20:08,320 [Worker-49: Building] INFO  o.e.m.c.i.embedder.EclipseLogger - Using 'UTF-8' encoding to copy filtered resources.
2022-10-06 14:20:08,320 [Worker-49: Building] INFO  o.e.m.c.i.embedder.EclipseLogger - Using 'UTF-8' encoding to copy filtered properties files.
2022-10-06 14:20:08,320 [Worker-49: Building] INFO  o.e.m.c.i.embedder.EclipseLogger - skip non existing resourceDirectory C:\Users\julia\OneDrive\햞ea de Trabalho\FarmaciaGen\farmaciageneration\src\test\resources
2022-10-06 14:25:32,033 [Worker-47: Building] INFO  o.e.m.c.i.embedder.EclipseLogger - Using 'UTF-8' encoding to copy filtered resources.
2022-10-06 14:25:32,033 [Worker-47: Building] INFO  o.e.m.c.i.embedder.EclipseLogger - Using 'UTF-8' encoding to copy filtered properties files.
2022-10-06 14:25:32,034 [Worker-47: Building] INFO  o.e.m.c.i.embedder.EclipseLogger - Copying 1 resource
2022-10-06 14:25:32,042 [Worker-47: Building] INFO  o.e.m.c.i.embedder.EclipseLogger - Copying 0 resource
2022-10-06 14:25:32,046 [Worker-47: Building] INFO  o.e.m.c.i.embedder.EclipseLogger - Using 'UTF-8' encoding to copy filtered resources.
2022-10-06 14:25:32,048 [Worker-47: Building] INFO  o.e.m.c.i.embedder.EclipseLogger - Using 'UTF-8' encoding to copy filtered properties files.
2022-10-06 14:25:32,048 [Worker-47: Building] INFO  o.e.m.c.i.embedder.EclipseLogger - skip non existing resourceDirectory C:\Users\julia\OneDrive\햞ea de Trabalho\FarmaciaGen\farmaciageneration\src\test\resources
2022-10-06 14:25:35,068 [Worker-53: Building] INFO  o.e.m.c.i.embedder.EclipseLogger - Using 'UTF-8' encoding to copy filtered resources.
2022-10-06 14:25:35,069 [Worker-53: Building] INFO  o.e.m.c.i.embedder.EclipseLogger - Using 'UTF-8' encoding to copy filtered properties files.
2022-10-06 14:25:35,070 [Worker-53: Building] INFO  o.e.m.c.i.embedder.EclipseLogger - Copying 1 resource
2022-10-06 14:25:35,078 [Worker-53: Building] INFO  o.e.m.c.i.embedder.EclipseLogger - Copying 0 resource
2022-10-06 14:25:35,129 [Worker-53: Building] INFO  o.e.m.c.i.embedder.EclipseLogger - Using 'UTF-8' encoding to copy filtered resources.
2022-10-06 14:25:35,129 [Worker-53: Building] INFO  o.e.m.c.i.embedder.EclipseLogger - Using 'UTF-8' encoding to copy filtered properties files.
2022-10-06 14:25:35,130 [Worker-53: Building] INFO  o.e.m.c.i.embedder.EclipseLogger - skip non existing resourceDirectory C:\Users\julia\OneDrive\햞ea de Trabalho\FarmaciaGen\farmaciageneration\src\test\resources
2022-10-06 14:26:02,866 [Worker-56: Building] INFO  o.e.m.c.i.embedder.EclipseLogger - Using 'UTF-8' encoding to copy filtered resources.
2022-10-06 14:26:02,866 [Worker-56: Building] INFO  o.e.m.c.i.embedder.EclipseLogger - Using 'UTF-8' encoding to copy filtered properties files.
2022-10-06 14:26:02,867 [Worker-56: Building] INFO  o.e.m.c.i.embedder.EclipseLogger - Copying 1 resource
2022-10-06 14:26:02,873 [Worker-56: Building] INFO  o.e.m.c.i.embedder.EclipseLogger - Copying 0 resource
2022-10-06 14:26:02,875 [Worker-56: Building] INFO  o.e.m.c.i.embedder.EclipseLogger - Using 'UTF-8' encoding to copy filtered resources.
2022-10-06 14:26:02,875 [Worker-56: Building] INFO  o.e.m.c.i.embedder.EclipseLogger - Using 'UTF-8' encoding to copy filtered properties files.
2022-10-06 14:26:02,876 [Worker-56: Building] INFO  o.e.m.c.i.embedder.EclipseLogger - skip non existing resourceDirectory C:\Users\julia\OneDrive\햞ea de Trabalho\FarmaciaGen\farmaciageneration\src\test\resources
2022-10-06 14:47:11,175 [Worker-58: Building] INFO  o.e.m.c.i.embedder.EclipseLogger - Using 'UTF-8' encoding to copy filtered resources.
2022-10-06 14:47:11,176 [Worker-58: Building] INFO  o.e.m.c.i.embedder.EclipseLogger - Using 'UTF-8' encoding to copy filtered properties files.
2022-10-06 14:47:11,179 [Worker-58: Building] INFO  o.e.m.c.i.embedder.EclipseLogger - Copying 1 resource
2022-10-06 14:47:11,201 [Worker-58: Building] INFO  o.e.m.c.i.embedder.EclipseLogger - Copying 0 resource
2022-10-06 14:47:11,204 [Worker-58: Building] INFO  o.e.m.c.i.embedder.EclipseLogger - Using 'UTF-8' encoding to copy filtered resources.
2022-10-06 14:47:11,204 [Worker-58: Building] INFO  o.e.m.c.i.embedder.EclipseLogger - Using 'UTF-8' encoding to copy filtered properties files.
2022-10-06 14:47:11,204 [Worker-58: Building] INFO  o.e.m.c.i.embedder.EclipseLogger - skip non existing resourceDirectory C:\Users\julia\OneDrive\햞ea de Trabalho\FarmaciaGen\farmaciageneration\src\test\resources
2022-10-06 14:47:32,233 [Worker-58: Building] INFO  o.e.m.c.i.embedder.EclipseLogger - Using 'UTF-8' encoding to copy filtered resources.
2022-10-06 14:47:32,234 [Worker-58: Building] INFO  o.e.m.c.i.embedder.EclipseLogger - Using 'UTF-8' encoding to copy filtered properties files.
2022-10-06 14:47:32,235 [Worker-58: Building] INFO  o.e.m.c.i.embedder.EclipseLogger - Copying 1 resource
2022-10-06 14:47:32,256 [Worker-58: Building] INFO  o.e.m.c.i.embedder.EclipseLogger - Copying 0 resource
2022-10-06 14:47:32,263 [Worker-58: Building] INFO  o.e.m.c.i.embedder.EclipseLogger - Using 'UTF-8' encoding to copy filtered resources.
2022-10-06 14:47:32,264 [Worker-58: Building] INFO  o.e.m.c.i.embedder.EclipseLogger - Using 'UTF-8' encoding to copy filtered properties files.
2022-10-06 14:47:32,264 [Worker-58: Building] INFO  o.e.m.c.i.embedder.EclipseLogger - skip non existing resourceDirectory C:\Users\julia\OneDrive\햞ea de Trabalho\FarmaciaGen\farmaciageneration\src\test\resources
2022-10-06 14:49:55,864 [Worker-56: Launching farmaciageneration - FarmaciagenerationApplication] INFO  o.e.m.c.i.embedder.EclipseLogger - Using 'UTF-8' encoding to copy filtered resources.
2022-10-06 14:49:55,865 [Worker-56: Launching farmaciageneration - FarmaciagenerationApplication] INFO  o.e.m.c.i.embedder.EclipseLogger - Using 'UTF-8' encoding to copy filtered properties files.
2022-10-06 14:49:55,867 [Worker-56: Launching farmaciageneration - FarmaciagenerationApplication] INFO  o.e.m.c.i.embedder.EclipseLogger - Copying 1 resource
2022-10-06 14:49:55,875 [Worker-56: Launching farmaciageneration - FarmaciagenerationApplication] INFO  o.e.m.c.i.embedder.EclipseLogger - Copying 0 resource
2022-10-06 14:49:55,879 [Worker-56: Launching farmaciageneration - FarmaciagenerationApplication] INFO  o.e.m.c.i.embedder.EclipseLogger - Using 'UTF-8' encoding to copy filtered resources.
2022-10-06 14:49:55,880 [Worker-56: Launching farmaciageneration - FarmaciagenerationApplication] INFO  o.e.m.c.i.embedder.EclipseLogger - Using 'UTF-8' encoding to copy filtered properties files.
2022-10-06 14:49:55,880 [Worker-56: Launching farmaciageneration - FarmaciagenerationApplication] INFO  o.e.m.c.i.embedder.EclipseLogger - skip non existing resourceDirectory C:\Users\julia\OneDrive\햞ea de Trabalho\FarmaciaGen\farmaciageneration\src\test\resources
2022-10-06 14:50:56,420 [Worker-46: Launching farmaciageneration - FarmaciagenerationApplication] INFO  o.e.m.c.i.embedder.EclipseLogger - Using 'UTF-8' encoding to copy filtered resources.
2022-10-06 14:50:56,421 [Worker-46: Launching farmaciageneration - FarmaciagenerationApplication] INFO  o.e.m.c.i.embedder.EclipseLogger - Using 'UTF-8' encoding to copy filtered properties files.
2022-10-06 14:50:56,422 [Worker-46: Launching farmaciageneration - FarmaciagenerationApplication] INFO  o.e.m.c.i.embedder.EclipseLogger - Copying 1 resource
2022-10-06 14:50:56,431 [Worker-46: Launching farmaciageneration - FarmaciagenerationApplication] INFO  o.e.m.c.i.embedder.EclipseLogger - Copying 0 resource
2022-10-06 14:50:56,437 [Worker-46: Launching farmaciageneration - FarmaciagenerationApplication] INFO  o.e.m.c.i.embedder.EclipseLogger - Using 'UTF-8' encoding to copy filtered resources.
2022-10-06 14:50:56,438 [Worker-46: Launching farmaciageneration - FarmaciagenerationApplication] INFO  o.e.m.c.i.embedder.EclipseLogger - Using 'UTF-8' encoding to copy filtered properties files.
2022-10-06 14:50:56,438 [Worker-46: Launching farmaciageneration - FarmaciagenerationApplication] INFO  o.e.m.c.i.embedder.EclipseLogger - skip non existing resourceDirectory C:\Users\julia\OneDrive\햞ea de Trabalho\FarmaciaGen\farmaciageneration\src\test\resources
2022-10-06 14:51:33,316 [Worker-59: Launching farmaciageneration - FarmaciagenerationApplication] INFO  o.e.m.c.i.embedder.EclipseLogger - Using 'UTF-8' encoding to copy filtered resources.
2022-10-06 14:51:33,316 [Worker-59: Launching farmaciageneration - FarmaciagenerationApplication] INFO  o.e.m.c.i.embedder.EclipseLogger - Using 'UTF-8' encoding to copy filtered properties files.
2022-10-06 14:51:33,317 [Worker-59: Launching farmaciageneration - FarmaciagenerationApplication] INFO  o.e.m.c.i.embedder.EclipseLogger - Copying 1 resource
2022-10-06 14:51:33,325 [Worker-59: Launching farmaciageneration - FarmaciagenerationApplication] INFO  o.e.m.c.i.embedder.EclipseLogger - Copying 0 resource
2022-10-06 14:51:33,334 [Worker-59: Launching farmaciageneration - FarmaciagenerationApplication] INFO  o.e.m.c.i.embedder.EclipseLogger - Using 'UTF-8' encoding to copy filtered resources.
2022-10-06 14:51:33,334 [Worker-59: Launching farmaciageneration - FarmaciagenerationApplication] INFO  o.e.m.c.i.embedder.EclipseLogger - Using 'UTF-8' encoding to copy filtered properties files.
2022-10-06 14:51:33,334 [Worker-59: Launching farmaciageneration - FarmaciagenerationApplication] INFO  o.e.m.c.i.embedder.EclipseLogger - skip non existing resourceDirectory C:\Users\julia\OneDrive\햞ea de Trabalho\FarmaciaGen\farmaciageneration\src\test\resources
2022-10-06 14:53:29,324 [Worker-62: Building] INFO  o.e.m.c.i.embedder.EclipseLogger - Using 'UTF-8' encoding to copy filtered resources.
2022-10-06 14:53:29,325 [Worker-62: Building] INFO  o.e.m.c.i.embedder.EclipseLogger - Using 'UTF-8' encoding to copy filtered properties files.
2022-10-06 14:53:29,327 [Worker-62: Building] INFO  o.e.m.c.i.embedder.EclipseLogger - Copying 1 resource
2022-10-06 14:53:29,336 [Worker-62: Building] INFO  o.e.m.c.i.embedder.EclipseLogger - Copying 0 resource
2022-10-06 14:53:29,340 [Worker-62: Building] INFO  o.e.m.c.i.embedder.EclipseLogger - Using 'UTF-8' encoding to copy filtered resources.
2022-10-06 14:53:29,340 [Worker-62: Building] INFO  o.e.m.c.i.embedder.EclipseLogger - Using 'UTF-8' encoding to copy filtered properties files.
2022-10-06 14:53:29,340 [Worker-62: Building] INFO  o.e.m.c.i.embedder.EclipseLogger - skip non existing resourceDirectory C:\Users\julia\OneDrive\햞ea de Trabalho\FarmaciaGen\farmaciageneration\src\test\resources
2022-10-06 14:54:40,859 [Worker-47: Building] INFO  o.e.m.c.i.embedder.EclipseLogger - Using 'UTF-8' encoding to copy filtered resources.
2022-10-06 14:54:40,859 [Worker-47: Building] INFO  o.e.m.c.i.embedder.EclipseLogger - Using 'UTF-8' encoding to copy filtered properties files.
2022-10-06 14:54:40,861 [Worker-47: Building] INFO  o.e.m.c.i.embedder.EclipseLogger - Copying 1 resource
2022-10-06 14:54:40,872 [Worker-47: Building] INFO  o.e.m.c.i.embedder.EclipseLogger - Copying 0 resource
2022-10-06 14:54:40,893 [Worker-47: Building] INFO  o.e.m.c.i.embedder.EclipseLogger - Using 'UTF-8' encoding to copy filtered resources.
2022-10-06 14:54:40,893 [Worker-47: Building] INFO  o.e.m.c.i.embedder.EclipseLogger - Using 'UTF-8' encoding to copy filtered properties files.
2022-10-06 14:54:40,894 [Worker-47: Building] INFO  o.e.m.c.i.embedder.EclipseLogger - skip non existing resourceDirectory C:\Users\julia\OneDrive\햞ea de Trabalho\FarmaciaGen\farmaciageneration\src\test\resources
2022-10-06 14:55:14,850 [Worker-57: Building] INFO  o.e.m.c.i.embedder.EclipseLogger - Using 'UTF-8' encoding to copy filtered resources.
2022-10-06 14:55:14,850 [Worker-57: Building] INFO  o.e.m.c.i.embedder.EclipseLogger - Using 'UTF-8' encoding to copy filtered properties files.
2022-10-06 14:55:14,850 [Worker-57: Building] INFO  o.e.m.c.i.embedder.EclipseLogger - Copying 1 resource
2022-10-06 14:55:14,856 [Worker-57: Building] INFO  o.e.m.c.i.embedder.EclipseLogger - Copying 0 resource
2022-10-06 14:55:14,858 [Worker-57: Building] INFO  o.e.m.c.i.embedder.EclipseLogger - Using 'UTF-8' encoding to copy filtered resources.
2022-10-06 14:55:14,858 [Worker-57: Building] INFO  o.e.m.c.i.embedder.EclipseLogger - Using 'UTF-8' encoding to copy filtered properties files.
2022-10-06 14:55:14,858 [Worker-57: Building] INFO  o.e.m.c.i.embedder.EclipseLogger - skip non existing resourceDirectory C:\Users\julia\OneDrive\햞ea de Trabalho\FarmaciaGen\farmaciageneration\src\test\resources
2022-10-06 14:55:52,985 [Worker-46: Building] INFO  o.e.m.c.i.embedder.EclipseLogger - Using 'UTF-8' encoding to copy filtered resources.
2022-10-06 14:55:52,986 [Worker-46: Building] INFO  o.e.m.c.i.embedder.EclipseLogger - Using 'UTF-8' encoding to copy filtered properties files.
2022-10-06 14:55:52,988 [Worker-46: Building] INFO  o.e.m.c.i.embedder.EclipseLogger - Copying 1 resource
2022-10-06 14:55:52,998 [Worker-46: Building] INFO  o.e.m.c.i.embedder.EclipseLogger - Copying 0 resource
2022-10-06 14:55:53,006 [Worker-46: Building] INFO  o.e.m.c.i.embedder.EclipseLogger - Using 'UTF-8' encoding to copy filtered resources.
2022-10-06 14:55:53,006 [Worker-46: Building] INFO  o.e.m.c.i.embedder.EclipseLogger - Using 'UTF-8' encoding to copy filtered properties files.
2022-10-06 14:55:53,006 [Worker-46: Building] INFO  o.e.m.c.i.embedder.EclipseLogger - skip non existing resourceDirectory C:\Users\julia\OneDrive\햞ea de Trabalho\FarmaciaGen\farmaciageneration\src\test\resources
2022-10-06 15:02:01,025 [Worker-65: Building] INFO  o.e.m.c.i.embedder.EclipseLogger - Using 'UTF-8' encoding to copy filtered resources.
2022-10-06 15:02:01,025 [Worker-65: Building] INFO  o.e.m.c.i.embedder.EclipseLogger - Using 'UTF-8' encoding to copy filtered properties files.
2022-10-06 15:02:01,026 [Worker-65: Building] INFO  o.e.m.c.i.embedder.EclipseLogger - Copying 1 resource
2022-10-06 15:02:01,037 [Worker-65: Building] INFO  o.e.m.c.i.embedder.EclipseLogger - Copying 0 resource
2022-10-06 15:02:01,042 [Worker-65: Building] INFO  o.e.m.c.i.embedder.EclipseLogger - Using 'UTF-8' encoding to copy filtered resources.
2022-10-06 15:02:01,043 [Worker-65: Building] INFO  o.e.m.c.i.embedder.EclipseLogger - Using 'UTF-8' encoding to copy filtered properties files.
2022-10-06 15:02:01,043 [Worker-65: Building] INFO  o.e.m.c.i.embedder.EclipseLogger - skip non existing resourceDirectory C:\Users\julia\OneDrive\햞ea de Trabalho\FarmaciaGen\farmaciageneration\src\test\resources
2022-10-06 15:02:16,735 [Worker-62: Building] INFO  o.e.m.c.i.embedder.EclipseLogger - Using 'UTF-8' encoding to copy filtered resources.
2022-10-06 15:02:16,735 [Worker-62: Building] INFO  o.e.m.c.i.embedder.EclipseLogger - Using 'UTF-8' encoding to copy filtered properties files.
2022-10-06 15:02:16,738 [Worker-62: Building] INFO  o.e.m.c.i.embedder.EclipseLogger - Copying 1 resource
2022-10-06 15:02:16,748 [Worker-62: Building] INFO  o.e.m.c.i.embedder.EclipseLogger - Copying 0 resource
2022-10-06 15:02:16,753 [Worker-62: Building] INFO  o.e.m.c.i.embedder.EclipseLogger - Using 'UTF-8' encoding to copy filtered resources.
2022-10-06 15:02:16,753 [Worker-62: Building] INFO  o.e.m.c.i.embedder.EclipseLogger - Using 'UTF-8' encoding to copy filtered properties files.
2022-10-06 15:02:16,754 [Worker-62: Building] INFO  o.e.m.c.i.embedder.EclipseLogger - skip non existing resourceDirectory C:\Users\julia\OneDrive\햞ea de Trabalho\FarmaciaGen\farmaciageneration\src\test\resources
2022-10-06 15:02:40,534 [Worker-46: Building] INFO  o.e.m.c.i.embedder.EclipseLogger - Using 'UTF-8' encoding to copy filtered resources.
2022-10-06 15:02:40,534 [Worker-46: Building] INFO  o.e.m.c.i.embedder.EclipseLogger - Using 'UTF-8' encoding to copy filtered properties files.
2022-10-06 15:02:40,535 [Worker-46: Building] INFO  o.e.m.c.i.embedder.EclipseLogger - Copying 1 resource
2022-10-06 15:02:40,544 [Worker-46: Building] INFO  o.e.m.c.i.embedder.EclipseLogger - Copying 0 resource
2022-10-06 15:02:40,550 [Worker-46: Building] INFO  o.e.m.c.i.embedder.EclipseLogger - Using 'UTF-8' encoding to copy filtered resources.
2022-10-06 15:02:40,550 [Worker-46: Building] INFO  o.e.m.c.i.embedder.EclipseLogger - Using 'UTF-8' encoding to copy filtered properties files.
2022-10-06 15:02:40,550 [Worker-46: Building] INFO  o.e.m.c.i.embedder.EclipseLogger - skip non existing resourceDirectory C:\Users\julia\OneDrive\햞ea de Trabalho\FarmaciaGen\farmaciageneration\src\test\resources
2022-10-06 15:05:16,217 [Worker-65: Launching farmaciageneration - FarmaciagenerationApplication] INFO  o.e.m.c.i.embedder.EclipseLogger - Using 'UTF-8' encoding to copy filtered resources.
2022-10-06 15:05:16,217 [Worker-65: Launching farmaciageneration - FarmaciagenerationApplication] INFO  o.e.m.c.i.embedder.EclipseLogger - Using 'UTF-8' encoding to copy filtered properties files.
2022-10-06 15:05:16,219 [Worker-65: Launching farmaciageneration - FarmaciagenerationApplication] INFO  o.e.m.c.i.embedder.EclipseLogger - Copying 1 resource
2022-10-06 15:05:16,230 [Worker-65: Launching farmaciageneration - FarmaciagenerationApplication] INFO  o.e.m.c.i.embedder.EclipseLogger - Copying 0 resource
2022-10-06 15:05:16,234 [Worker-65: Launching farmaciageneration - FarmaciagenerationApplication] INFO  o.e.m.c.i.embedder.EclipseLogger - Using 'UTF-8' encoding to copy filtered resources.
2022-10-06 15:05:16,234 [Worker-65: Launching farmaciageneration - FarmaciagenerationApplication] INFO  o.e.m.c.i.embedder.EclipseLogger - Using 'UTF-8' encoding to copy filtered properties files.
2022-10-06 15:05:16,235 [Worker-65: Launching farmaciageneration - FarmaciagenerationApplication] INFO  o.e.m.c.i.embedder.EclipseLogger - skip non existing resourceDirectory C:\Users\julia\OneDrive\햞ea de Trabalho\FarmaciaGen\farmaciageneration\src\test\resources
2022-10-06 15:11:19,020 [Worker-65: Launching farmaciageneration - FarmaciagenerationApplication] INFO  o.e.m.c.i.embedder.EclipseLogger - Using 'UTF-8' encoding to copy filtered resources.
2022-10-06 15:11:19,021 [Worker-65: Launching farmaciageneration - FarmaciagenerationApplication] INFO  o.e.m.c.i.embedder.EclipseLogger - Using 'UTF-8' encoding to copy filtered properties files.
2022-10-06 15:11:19,022 [Worker-65: Launching farmaciageneration - FarmaciagenerationApplication] INFO  o.e.m.c.i.embedder.EclipseLogger - Copying 1 resource
2022-10-06 15:11:19,031 [Worker-65: Launching farmaciageneration - FarmaciagenerationApplication] INFO  o.e.m.c.i.embedder.EclipseLogger - Copying 0 resource
2022-10-06 15:11:19,034 [Worker-65: Launching farmaciageneration - FarmaciagenerationApplication] INFO  o.e.m.c.i.embedder.EclipseLogger - Using 'UTF-8' encoding to copy filtered resources.
2022-10-06 15:11:19,034 [Worker-65: Launching farmaciageneration - FarmaciagenerationApplication] INFO  o.e.m.c.i.embedder.EclipseLogger - Using 'UTF-8' encoding to copy filtered properties files.
2022-10-06 15:11:19,034 [Worker-65: Launching farmaciageneration - FarmaciagenerationApplication] INFO  o.e.m.c.i.embedder.EclipseLogger - skip non existing resourceDirectory C:\Users\julia\OneDrive\햞ea de Trabalho\FarmaciaGen\farmaciageneration\src\test\resources
2022-10-06 15:31:22,292 [Worker-72: Building] INFO  o.e.m.c.i.embedder.EclipseLogger - Using 'UTF-8' encoding to copy filtered resources.
2022-10-06 15:31:22,292 [Worker-72: Building] INFO  o.e.m.c.i.embedder.EclipseLogger - Using 'UTF-8' encoding to copy filtered properties files.
2022-10-06 15:31:22,293 [Worker-72: Building] INFO  o.e.m.c.i.embedder.EclipseLogger - Copying 1 resource
2022-10-06 15:31:22,301 [Worker-72: Building] INFO  o.e.m.c.i.embedder.EclipseLogger - Copying 0 resource
2022-10-06 15:31:22,304 [Worker-72: Building] INFO  o.e.m.c.i.embedder.EclipseLogger - Using 'UTF-8' encoding to copy filtered resources.
2022-10-06 15:31:22,304 [Worker-72: Building] INFO  o.e.m.c.i.embedder.EclipseLogger - Using 'UTF-8' encoding to copy filtered properties files.
2022-10-06 15:31:22,305 [Worker-72: Building] INFO  o.e.m.c.i.embedder.EclipseLogger - skip non existing resourceDirectory C:\Users\julia\OneDrive\햞ea de Trabalho\FarmaciaGen\farmaciageneration\src\test\resources
2022-10-06 15:41:58,902 [Worker-75: Launching farmaciageneration - FarmaciagenerationApplication] INFO  o.e.m.c.i.embedder.EclipseLogger - Using 'UTF-8' encoding to copy filtered resources.
2022-10-06 15:41:58,902 [Worker-75: Launching farmaciageneration - FarmaciagenerationApplication] INFO  o.e.m.c.i.embedder.EclipseLogger - Using 'UTF-8' encoding to copy filtered properties files.
2022-10-06 15:41:58,904 [Worker-75: Launching farmaciageneration - FarmaciagenerationApplication] INFO  o.e.m.c.i.embedder.EclipseLogger - Copying 1 resource
2022-10-06 15:41:58,946 [Worker-75: Launching farmaciageneration - FarmaciagenerationApplication] INFO  o.e.m.c.i.embedder.EclipseLogger - Copying 0 resource
2022-10-06 15:41:58,952 [Worker-75: Launching farmaciageneration - FarmaciagenerationApplication] INFO  o.e.m.c.i.embedder.EclipseLogger - Using 'UTF-8' encoding to copy filtered resources.
2022-10-06 15:41:58,952 [Worker-75: Launching farmaciageneration - FarmaciagenerationApplication] INFO  o.e.m.c.i.embedder.EclipseLogger - Using 'UTF-8' encoding to copy filtered properties files.
2022-10-06 15:41:58,952 [Worker-75: Launching farmaciageneration - FarmaciagenerationApplication] INFO  o.e.m.c.i.embedder.EclipseLogger - skip non existing resourceDirectory C:\Users\julia\OneDrive\햞ea de Trabalho\FarmaciaGen\farmaciageneration\src\test\resources
2022-10-06 15:42:43,321 [Worker-78: Launching farmaciageneration - FarmaciagenerationApplication] INFO  o.e.m.c.i.embedder.EclipseLogger - Using 'UTF-8' encoding to copy filtered resources.
2022-10-06 15:42:43,321 [Worker-78: Launching farmaciageneration - FarmaciagenerationApplication] INFO  o.e.m.c.i.embedder.EclipseLogger - Using 'UTF-8' encoding to copy filtered properties files.
2022-10-06 15:42:43,323 [Worker-78: Launching farmaciageneration - FarmaciagenerationApplication] INFO  o.e.m.c.i.embedder.EclipseLogger - Copying 1 resource
2022-10-06 15:42:43,328 [Worker-78: Launching farmaciageneration - FarmaciagenerationApplication] INFO  o.e.m.c.i.embedder.EclipseLogger - Copying 0 resource
2022-10-06 15:42:43,333 [Worker-78: Launching farmaciageneration - FarmaciagenerationApplication] INFO  o.e.m.c.i.embedder.EclipseLogger - Using 'UTF-8' encoding to copy filtered resources.
2022-10-06 15:42:43,333 [Worker-78: Launching farmaciageneration - FarmaciagenerationApplication] INFO  o.e.m.c.i.embedder.EclipseLogger - Using 'UTF-8' encoding to copy filtered properties files.
2022-10-06 15:42:43,334 [Worker-78: Launching farmaciageneration - FarmaciagenerationApplication] INFO  o.e.m.c.i.embedder.EclipseLogger - skip non existing resourceDirectory C:\Users\julia\OneDrive\햞ea de Trabalho\FarmaciaGen\farmaciageneration\src\test\resources
2022-10-06 15:44:16,177 [Worker-66: Launching farmaciageneration - FarmaciagenerationApplication] INFO  o.e.m.c.i.embedder.EclipseLogger - Using 'UTF-8' encoding to copy filtered resources.
2022-10-06 15:44:16,177 [Worker-66: Launching farmaciageneration - FarmaciagenerationApplication] INFO  o.e.m.c.i.embedder.EclipseLogger - Using 'UTF-8' encoding to copy filtered properties files.
2022-10-06 15:44:16,178 [Worker-66: Launching farmaciageneration - FarmaciagenerationApplication] INFO  o.e.m.c.i.embedder.EclipseLogger - Copying 1 resource
2022-10-06 15:44:16,196 [Worker-66: Launching farmaciageneration - FarmaciagenerationApplication] INFO  o.e.m.c.i.embedder.EclipseLogger - Copying 0 resource
2022-10-06 15:44:16,200 [Worker-66: Launching farmaciageneration - FarmaciagenerationApplication] INFO  o.e.m.c.i.embedder.EclipseLogger - Using 'UTF-8' encoding to copy filtered resources.
2022-10-06 15:44:16,200 [Worker-66: Launching farmaciageneration - FarmaciagenerationApplication] INFO  o.e.m.c.i.embedder.EclipseLogger - Using 'UTF-8' encoding to copy filtered properties files.
2022-10-06 15:44:16,200 [Worker-66: Launching farmaciageneration - FarmaciagenerationApplication] INFO  o.e.m.c.i.embedder.EclipseLogger - skip non existing resourceDirectory C:\Users\julia\OneDrive\햞ea de Trabalho\FarmaciaGen\farmaciageneration\src\test\resources
2022-10-06 15:53:58,813 [Worker-1: Loading available Gradle versions] INFO  o.e.b.c.i.u.g.PublishedGradleVersions - Gradle version information cache is up-to-date. Trying to read.
